C:\Users\fenfei\Documents\Visual Studio 2010\Projects\larbin_windows\Debug\larbin_windows.exe
C:\Users\fenfei\Documents\Visual Studio 2010\Projects\larbin_windows\Debug\larbin_windows.ilk
C:\Users\fenfei\Documents\Visual Studio 2010\Projects\larbin_windows\Debug\larbin_windows.pdb
C:\Users\fenfei\Documents\Visual Studio 2010\Projects\larbin_windows\larbin_windows\Debug\cl.command.1.tlog
C:\Users\fenfei\Documents\Visual Studio 2010\Projects\larbin_windows\larbin_windows\Debug\CL.read.1.tlog
C:\Users\fenfei\Documents\Visual Studio 2010\Projects\larbin_windows\larbin_windows\Debug\CL.write.1.tlog
C:\USERS\FENFEI\DOCUMENTS\VISUAL STUDIO 2010\PROJECTS\LARBIN_WINDOWS\LARBIN_WINDOWS\DEBUG\HASHTABLE.OBJ
C:\USERS\FENFEI\DOCUMENTS\VISUAL STUDIO 2010\PROJECTS\LARBIN_WINDOWS\LARBIN_WINDOWS\DEBUG\LARBIN_WINDOWS.EXE.EMBED.MANIFEST
C:\USERS\FENFEI\DOCUMENTS\VISUAL STUDIO 2010\PROJECTS\LARBIN_WINDOWS\LARBIN_WINDOWS\DEBUG\LARBIN_WINDOWS.EXE.EMBED.MANIFEST.RES
C:\Users\fenfei\Documents\Visual Studio 2010\Projects\larbin_windows\larbin_windows\Debug\larbin_windows.exe.intermediate.manifest
C:\Users\fenfei\Documents\Visual Studio 2010\Projects\larbin_windows\larbin_windows\Debug\larbin_windows_manifest.rc
C:\Users\fenfei\Documents\Visual Studio 2010\Projects\larbin_windows\larbin_windows\Debug\link.8528.read.1.tlog
C:\Users\fenfei\Documents\Visual Studio 2010\Projects\larbin_windows\larbin_windows\Debug\link.8528.write.1.tlog
C:\Users\fenfei\Documents\Visual Studio 2010\Projects\larbin_windows\larbin_windows\Debug\link.8528-cvtres.read.1.tlog
C:\Users\fenfei\Documents\Visual Studio 2010\Projects\larbin_windows\larbin_windows\Debug\link.8528-cvtres.write.1.tlog
C:\Users\fenfei\Documents\Visual Studio 2010\Projects\larbin_windows\larbin_windows\Debug\link.command.1.tlog
C:\Users\fenfei\Documents\Visual Studio 2010\Projects\larbin_windows\larbin_windows\Debug\link.read.1.tlog
C:\Users\fenfei\Documents\Visual Studio 2010\Projects\larbin_windows\larbin_windows\Debug\link.write.1.tlog
C:\Users\fenfei\Documents\Visual Studio 2010\Projects\larbin_windows\larbin_windows\Debug\link-cvtres.read.1.tlog
C:\Users\fenfei\Documents\Visual Studio 2010\Projects\larbin_windows\larbin_windows\Debug\link-cvtres.write.1.tlog
C:\USERS\FENFEI\DOCUMENTS\VISUAL STUDIO 2010\PROJECTS\LARBIN_WINDOWS\LARBIN_WINDOWS\DEBUG\MAIN.OBJ
C:\Users\fenfei\Documents\Visual Studio 2010\Projects\larbin_windows\larbin_windows\Debug\mt.command.1.tlog
C:\Users\fenfei\Documents\Visual Studio 2010\Projects\larbin_windows\larbin_windows\Debug\mt.read.1.tlog
C:\Users\fenfei\Documents\Visual Studio 2010\Projects\larbin_windows\larbin_windows\Debug\mt.write.1.tlog
C:\Users\fenfei\Documents\Visual Studio 2010\Projects\larbin_windows\larbin_windows\Debug\rc.command.1.tlog
C:\Users\fenfei\Documents\Visual Studio 2010\Projects\larbin_windows\larbin_windows\Debug\rc.read.1.tlog
C:\Users\fenfei\Documents\Visual Studio 2010\Projects\larbin_windows\larbin_windows\Debug\rc.write.1.tlog
C:\USERS\FENFEI\DOCUMENTS\VISUAL STUDIO 2010\PROJECTS\LARBIN_WINDOWS\LARBIN_WINDOWS\DEBUG\TEXT.OBJ
C:\USERS\FENFEI\DOCUMENTS\VISUAL STUDIO 2010\PROJECTS\LARBIN_WINDOWS\LARBIN_WINDOWS\DEBUG\URL.OBJ
C:\Users\fenfei\Documents\Visual Studio 2010\Projects\larbin_windows\larbin_windows\Debug\vc100.idb
C:\USERS\FENFEI\DOCUMENTS\VISUAL STUDIO 2010\PROJECTS\LARBIN_WINDOWS\LARBIN_WINDOWS\DEBUG\VC100.PDB
