生成启动时间为 5/23/2012 4:13:19 PM。
     1>项目“C:\Users\fenfei\Documents\Visual Studio 2010\Projects\larbin_windows\larbin_windows\larbin_windows.vcxproj”在节点 2 上(rebuild 个目标)。
     1>PrepareForBuild:
         正在创建目录“C:\Users\fenfei\Documents\Visual Studio 2010\Projects\larbin_windows\Debug\”。
       InitializeBuildStatus:
         正在创建“Debug\larbin_windows.unsuccessfulbuild”，因为已指定“AlwaysCreate”。
       ClCompile:
         D:\Program Files\Microsoft Visual Studio 10.0\VC\bin\CL.exe /c /ZI /nologo /W3 /WX- /Od /Oy- /D WIN32 /D _DEBUG /D _CONSOLE /D _UNICODE /D UNICODE /Gm /EHsc /RTC1 /MDd /GS /fp:precise /Zc:wchar_t /Zc:forScope /Fo"Debug\\" /Fd"Debug\vc100.pdb" /Gd /TP /analyze- /errorReport:prompt hashTable.cpp text.cpp url.cpp
         url.cpp
     1>c:\users\fenfei\documents\visual studio 2010\projects\larbin_windows\larbin_windows\url.cpp(43): error C3861: “isProtocal”: 找不到标识符
     1>c:\users\fenfei\documents\visual studio 2010\projects\larbin_windows\larbin_windows\url.cpp(52): error C2601: “url::isProtocol”: 本地函数定义是非法的
                 c:\users\fenfei\documents\visual studio 2010\projects\larbin_windows\larbin_windows\url.cpp(20): 此行有一个“{”没有匹配项
     1>c:\users\fenfei\documents\visual studio 2010\projects\larbin_windows\larbin_windows\url.cpp(56): error C2601: “url::parseWithBase”: 本地函数定义是非法的
                 c:\users\fenfei\documents\visual studio 2010\projects\larbin_windows\larbin_windows\url.cpp(20): 此行有一个“{”没有匹配项
     1>c:\users\fenfei\documents\visual studio 2010\projects\larbin_windows\larbin_windows\url.cpp(77): error C2601: “url::normalize”: 本地函数定义是非法的
                 c:\users\fenfei\documents\visual studio 2010\projects\larbin_windows\larbin_windows\url.cpp(20): 此行有一个“{”没有匹配项
     1>c:\users\fenfei\documents\visual studio 2010\projects\larbin_windows\larbin_windows\url.cpp(82): error C2601: “url::parse”: 本地函数定义是非法的
                 c:\users\fenfei\documents\visual studio 2010\projects\larbin_windows\larbin_windows\url.cpp(20): 此行有一个“{”没有匹配项
     1>c:\users\fenfei\documents\visual studio 2010\projects\larbin_windows\larbin_windows\url.cpp(120): error C2601: “fileNormalize”: 本地函数定义是非法的
                 c:\users\fenfei\documents\visual studio 2010\projects\larbin_windows\larbin_windows\url.cpp(20): 此行有一个“{”没有匹配项
     1>c:\users\fenfei\documents\visual studio 2010\projects\larbin_windows\larbin_windows\url.cpp(179): error C2267: “int_of_hexa”: 具有块范围的静态函数非法
     1>c:\users\fenfei\documents\visual studio 2010\projects\larbin_windows\larbin_windows\url.cpp(179): error C2601: “int_of_hexa”: 本地函数定义是非法的
                 c:\users\fenfei\documents\visual studio 2010\projects\larbin_windows\larbin_windows\url.cpp(20): 此行有一个“{”没有匹配项
     1>c:\users\fenfei\documents\visual studio 2010\projects\larbin_windows\larbin_windows\url.cpp(189): fatal error C1075: 与左侧的 大括号“{”(位于“c:\users\fenfei\documents\visual studio 2010\projects\larbin_windows\larbin_windows\url.cpp(20)”)匹配之前遇到文件结束
         text.cpp
     1>c:\users\fenfei\documents\visual studio 2010\projects\larbin_windows\larbin_windows\text.cpp(19): warning C4996: 'strcpy': This function or variable may be unsafe. Consider using strcpy_s instead. To disable deprecation, use _CRT_SECURE_NO_WARNINGS. See online help for details.
                 d:\program files\microsoft visual studio 10.0\vc\include\string.h(105) : 参见“strcpy”的声明
         hashTable.cpp
     1>c:\users\fenfei\documents\visual studio 2010\projects\larbin_windows\larbin_windows\hashtable.h(9): error C2146: 语法错误: 缺少“;”(在标识符“size”的前面)
     1>c:\users\fenfei\documents\visual studio 2010\projects\larbin_windows\larbin_windows\hashtable.h(9): error C4430: 缺少类型说明符 - 假定为 int。注意: C++ 不支持默认 int
     1>c:\users\fenfei\documents\visual studio 2010\projects\larbin_windows\larbin_windows\hashtable.h(9): error C4430: 缺少类型说明符 - 假定为 int。注意: C++ 不支持默认 int
     1>c:\users\fenfei\documents\visual studio 2010\projects\larbin_windows\larbin_windows\hashtable.h(10): error C2143: 语法错误 : 缺少“;”(在“*”的前面)
     1>c:\users\fenfei\documents\visual studio 2010\projects\larbin_windows\larbin_windows\hashtable.h(10): error C4430: 缺少类型说明符 - 假定为 int。注意: C++ 不支持默认 int
     1>c:\users\fenfei\documents\visual studio 2010\projects\larbin_windows\larbin_windows\hashtable.h(10): error C4430: 缺少类型说明符 - 假定为 int。注意: C++ 不支持默认 int
     1>c:\users\fenfei\documents\visual studio 2010\projects\larbin_windows\larbin_windows\hashtable.cpp(10): error C2065: “table”: 未声明的标识符
     1>c:\users\fenfei\documents\visual studio 2010\projects\larbin_windows\larbin_windows\hashtable.cpp(12): error C2065: “table”: 未声明的标识符
     1>c:\users\fenfei\documents\visual studio 2010\projects\larbin_windows\larbin_windows\hashtable.cpp(15): error C2059: 语法错误:“}”
         正在生成代码...
     1>已完成生成项目“C:\Users\fenfei\Documents\Visual Studio 2010\Projects\larbin_windows\larbin_windows\larbin_windows.vcxproj”(rebuild 个目标)的操作 - 失败。

生成失败。

已用时间 00:00:05.62
